<?xml version="1.0" encoding="UTF-8"?>
<!-- Generated by org.testng.reporters.JUnitReportReporter -->
<testsuite hostname="LAPTOP-3MSUA5N1" failures="0" tests="3" name="com.mindtree.Runner.BigSmall_runner" time="347.004" errors="0" timestamp="2021-11-19T15:58:29 IST" skipped="0">
  <testcase classname="com.mindtree.Runner.BigSmall_runner" name="runScenario" time="83.637"/>
  <system-out/>
  <testcase classname="com.mindtree.Runner.BigSmall_runner" name="runScenario" time="141.717"/>
  <system-out/>
  <testcase classname="com.mindtree.Runner.BigSmall_runner" name="runScenario" time="121.650"/>
  <system-out/>
</testsuite> <!-- com.mindtree.Runner.BigSmall_runner -->
